{
    "wallTime": 13,
    "cpuTime": 5,
    "truncated": false,
    "executionModel": "stateless",
    "outcome": "ok",
    "scriptVersion": {
        "id": "aa03cffc-1a10-4200-bc4d-94b22dcd7acf"
    },
    "scriptName": "prodig",
    "diagnosticsChannelEvents": [],
    "exceptions": [],
    "logs": [
        {
            "message": [
                "Login error:",
                "Error: Astro.locals.runtime.env has been removed in Astro v6. Use 'import { env } from \"cloudflare:workers\"' instead."
            ],
            "level": "error",
            "timestamp": 1780423051500
        }
    ],
    "eventTimestamp": 1780423051385,
    "event": {
        "request": {
            "url": "https://prodig.ridloabelian.workers.dev/api/auth/login",
            "method": "POST",
            "headers": {
                "accept": "*/*",
                "accept-encoding": "gzip, br",
                "accept-language": "en-US,en;q=0.9,id;q=0.8",
                "cf-connecting-ip": "114.10.45.146",
                "cf-ipcountry": "ID",
                "cf-ray": "a0585746c95ffd80",
                "cf-visitor": "{\"scheme\":\"https\"}",
                "connection": "Keep-Alive",
                "content-length": "52",
                "content-type": "application/json",
                "host": "prodig.ridloabelian.workers.dev",
                "origin": "https://prodig.ridloabelian.workers.dev",
                "priority": "u=1, i",
                "referer": "https://prodig.ridloabelian.workers.dev/login/?redirect=%2Fadmin",
                "sec-ch-ua": "\"Chromium\";v=\"148\", \"Google Chrome\";v=\"148\", \"Not/A)Brand\";v=\"99\"",
                "sec-ch-ua-mobile": "?0",
                "sec-ch-ua-platform": "\"macOS\"",
                "sec-fetch-dest": "empty",
                "sec-fetch-mode": "cors",
                "sec-fetch-site": "same-origin",
                "user-agent": "Mozilla/5.0 (Macintosh; Intel Mac OS X 10_15_7) AppleWebKit/537.36 (KHTML, like Gecko) Chrome/148.0.0.0 Safari/537.36",
                "x-forwarded-proto": "https",
                "x-real-ip": "114.10.45.146"
            },
            "cf": {
                "httpProtocol": "HTTP/3",
                "clientAcceptEncoding": "gzip, deflate, br",
                "requestPriority": "",
                "edgeRequestKeepAliveStatus": 1,
                "requestHeaderNames": {},
                "clientTcpRtt": 0,
                "clientQuicRtt": 20,
                "colo": "SIN",
                "asn": 4761,
                "asOrganization": "IOH B2B",
                "country": "ID",
                "isEUCountry": false,
                "city": "Bandung",
                "continent": "AS",
                "region": "West Java",
                "regionCode": "JB",
                "timezone": "Asia/Jakarta",
                "longitude": "107.60694",
                "latitude": "-6.92222",
                "postalCode": "40241",
                "tlsVersion": "TLSv1.3",
                "tlsCipher": "AEAD-AES128-GCM-SHA256",
                "tlsClientRandom": "mWN3OgNKiHa38/4Wfcjq8/hfDEQVXXN0enqj9HBCbFI=",
                "tlsClientCiphersSha1": "3HTt3+R/6BL3zeALJDSq0pR1yOQ=",
                "tlsClientExtensionsSha1": "Sz9vdF29nGMwILzzhyvi8oABoFQ=",
                "tlsClientExtensionsSha1Le": "A2SPSKKBZRu+5/xmO3WJ7JtrjAc=",
                "tlsClientHelloLength": "1751",
                "tlsClientAuth": {
                    "certPresented": "0",
                    "certVerified": "NONE",
                    "certRevoked": "0",
                    "certIssuerDN": "",
                    "certSubjectDN": "",
                    "certIssuerDNRFC2253": "",
                    "certSubjectDNRFC2253": "",
                    "certIssuerDNLegacy": "",
                    "certSubjectDNLegacy": "",
                    "certSerial": "",
                    "certIssuerSerial": "",
                    "certSKI": "",
                    "certIssuerSKI": "",
                    "certFingerprintSHA1": "",
                    "certFingerprintSHA256": "",
                    "certNotBefore": "",
                    "certNotAfter": "",
                    "certRFC9440": "",
                    "certRFC9440TooLarge": false,
                    "certChainRFC9440": "",
                    "certChainRFC9440TooLarge": false
                },
                "verifiedBotCategory": "",
                "edgeL4": {
                    "deliveryRate": 68171
                }
            }
        },
        "response": {
            "status": 500
        }
    }
}
{
    "wallTime": 1,
    "cpuTime": 1,
    "truncated": false,
    "executionModel": "stateless",
    "outcome": "ok",
    "scriptVersion": {
        "id": "aa03cffc-1a10-4200-bc4d-94b22dcd7acf"
    },
    "scriptName": "prodig",
    "diagnosticsChannelEvents": [],
    "exceptions": [],
    "logs": [
        {
            "message": [
                "Login error:",
                "Error: Astro.locals.runtime.env has been removed in Astro v6. Use 'import { env } from \"cloudflare:workers\"' instead."
            ],
            "level": "error",
            "timestamp": 1780423052850
        }
    ],
    "eventTimestamp": 1780423052850,
    "event": {
        "request": {
            "url": "https://prodig.ridloabelian.workers.dev/api/auth/login",
            "method": "POST",
            "headers": {
                "accept": "*/*",
                "accept-encoding": "gzip, br",
                "accept-language": "en-US,en;q=0.9,id;q=0.8",
                "cf-connecting-ip": "114.10.45.146",
                "cf-ipcountry": "ID",
                "cf-ray": "a05857500f3ffd80",
                "cf-visitor": "{\"scheme\":\"https\"}",
                "connection": "Keep-Alive",
                "content-length": "52",
                "content-type": "application/json",
                "host": "prodig.ridloabelian.workers.dev",
                "origin": "https://prodig.ridloabelian.workers.dev",
                "priority": "u=1, i",
                "referer": "https://prodig.ridloabelian.workers.dev/login/?redirect=%2Fadmin",
                "sec-ch-ua": "\"Chromium\";v=\"148\", \"Google Chrome\";v=\"148\", \"Not/A)Brand\";v=\"99\"",
                "sec-ch-ua-mobile": "?0",
                "sec-ch-ua-platform": "\"macOS\"",
                "sec-fetch-dest": "empty",
                "sec-fetch-mode": "cors",
                "sec-fetch-site": "same-origin",
                "user-agent": "Mozilla/5.0 (Macintosh; Intel Mac OS X 10_15_7) AppleWebKit/537.36 (KHTML, like Gecko) Chrome/148.0.0.0 Safari/537.36",
                "x-forwarded-proto": "https",
                "x-real-ip": "114.10.45.146"
            },
            "cf": {
                "httpProtocol": "HTTP/3",
                "clientAcceptEncoding": "gzip, deflate, br",
                "requestPriority": "",
                "edgeRequestKeepAliveStatus": 1,
                "requestHeaderNames": {},
                "clientTcpRtt": 0,
                "clientQuicRtt": 20,
                "colo": "SIN",
                "asn": 4761,
                "asOrganization": "IOH B2B",
                "country": "ID",
                "isEUCountry": false,
                "city": "Bandung",
                "continent": "AS",
                "region": "West Java",
                "regionCode": "JB",
                "timezone": "Asia/Jakarta",
                "longitude": "107.60694",
                "latitude": "-6.92222",
                "postalCode": "40241",
                "tlsVersion": "TLSv1.3",
                "tlsCipher": "AEAD-AES128-GCM-SHA256",
                "tlsClientRandom": "mWN3OgNKiHa38/4Wfcjq8/hfDEQVXXN0enqj9HBCbFI=",
                "tlsClientCiphersSha1": "3HTt3+R/6BL3zeALJDSq0pR1yOQ=",
                "tlsClientExtensionsSha1": "Sz9vdF29nGMwILzzhyvi8oABoFQ=",
                "tlsClientExtensionsSha1Le": "A2SPSKKBZRu+5/xmO3WJ7JtrjAc=",
                "tlsClientHelloLength": "1751",
                "tlsClientAuth": {
                    "certPresented": "0",
                    "certVerified": "NONE",
                    "certRevoked": "0",
                    "certIssuerDN": "",
                    "certSubjectDN": "",
                    "certIssuerDNRFC2253": "",
                    "certSubjectDNRFC2253": "",
                    "certIssuerDNLegacy": "",
                    "certSubjectDNLegacy": "",
                    "certSerial": "",
                    "certIssuerSerial": "",
                    "certSKI": "",
                    "certIssuerSKI": "",
                    "certFingerprintSHA1": "",
                    "certFingerprintSHA256": "",
                    "certNotBefore": "",
                    "certNotAfter": "",
                    "certRFC9440": "",
                    "certRFC9440TooLarge": false,
                    "certChainRFC9440": "",
                    "certChainRFC9440TooLarge": false
                },
                "verifiedBotCategory": "",
                "edgeL4": {
                    "deliveryRate": 68171
                }
            }
        },
        "response": {
            "status": 500
        }
    }
}
{
    "wallTime": 6,
    "cpuTime": 5,
    "truncated": false,
    "executionModel": "stateless",
    "outcome": "ok",
    "scriptVersion": {
        "id": "aa03cffc-1a10-4200-bc4d-94b22dcd7acf"
    },
    "scriptName": "prodig",
    "diagnosticsChannelEvents": [],
    "exceptions": [],
    "logs": [
        {
            "message": [
                "Gagal memuat data dari database D1:",
                "Error: Astro.locals.runtime.env has been removed in Astro v6. Use 'import { env } from \"cloudflare:workers\"' instead."
            ],
            "level": "error",
            "timestamp": 1780423057654
        }
    ],
    "eventTimestamp": 1780423057654,
    "event": {
        "request": {
            "url": "https://prodig.ridloabelian.workers.dev/",
            "method": "GET",
            "headers": {
                "accept": "text/html,application/xhtml+xml,application/xml;q=0.9,image/avif,image/webp,image/apng,*/*;q=0.8,application/signed-exchange;v=b3;q=0.7",
                "accept-encoding": "gzip, br",
                "accept-language": "en-US,en;q=0.9,id;q=0.8",
                "cf-connecting-ip": "114.10.45.146",
                "cf-ipcountry": "ID",
                "cf-ray": "a058576e4faefd80",
                "cf-visitor": "{\"scheme\":\"https\"}",
                "connection": "Keep-Alive",
                "host": "prodig.ridloabelian.workers.dev",
                "priority": "u=0, i",
                "sec-ch-ua": "\"Chromium\";v=\"148\", \"Google Chrome\";v=\"148\", \"Not/A)Brand\";v=\"99\"",
                "sec-ch-ua-mobile": "?0",
                "sec-ch-ua-platform": "\"macOS\"",
                "sec-fetch-dest": "document",
                "sec-fetch-mode": "navigate",
                "sec-fetch-site": "none",
                "sec-fetch-user": "?1",
                "upgrade-insecure-requests": "1",
                "user-agent": "Mozilla/5.0 (Macintosh; Intel Mac OS X 10_15_7) AppleWebKit/537.36 (KHTML, like Gecko) Chrome/148.0.0.0 Safari/537.36",
                "x-forwarded-proto": "https",
                "x-real-ip": "114.10.45.146"
            },
            "cf": {
                "httpProtocol": "HTTP/3",
                "clientAcceptEncoding": "gzip, deflate, br",
                "requestPriority": "",
                "edgeRequestKeepAliveStatus": 1,
                "requestHeaderNames": {},
                "clientTcpRtt": 0,
                "clientQuicRtt": 25,
                "colo": "SIN",
                "asn": 4761,
                "asOrganization": "IOH B2B",
                "country": "ID",
                "isEUCountry": false,
                "city": "Bandung",
                "continent": "AS",
                "region": "West Java",
                "regionCode": "JB",
                "timezone": "Asia/Jakarta",
                "longitude": "107.60694",
                "latitude": "-6.92222",
                "postalCode": "40241",
                "tlsVersion": "TLSv1.3",
                "tlsCipher": "AEAD-AES128-GCM-SHA256",
                "tlsClientRandom": "mWN3OgNKiHa38/4Wfcjq8/hfDEQVXXN0enqj9HBCbFI=",
                "tlsClientCiphersSha1": "3HTt3+R/6BL3zeALJDSq0pR1yOQ=",
                "tlsClientExtensionsSha1": "Sz9vdF29nGMwILzzhyvi8oABoFQ=",
                "tlsClientExtensionsSha1Le": "A2SPSKKBZRu+5/xmO3WJ7JtrjAc=",
                "tlsClientHelloLength": "1751",
                "tlsClientAuth": {
                    "certPresented": "0",
                    "certVerified": "NONE",
                    "certRevoked": "0",
                    "certIssuerDN": "",
                    "certSubjectDN": "",
                    "certIssuerDNRFC2253": "",
                    "certSubjectDNRFC2253": "",
                    "certIssuerDNLegacy": "",
                    "certSubjectDNLegacy": "",
                    "certSerial": "",
                    "certIssuerSerial": "",
                    "certSKI": "",
                    "certIssuerSKI": "",
                    "certFingerprintSHA1": "",
                    "certFingerprintSHA256": "",
                    "certNotBefore": "",
                    "certNotAfter": "",
                    "certRFC9440": "",
                    "certRFC9440TooLarge": false,
                    "certChainRFC9440": "",
                    "certChainRFC9440TooLarge": false
                },
                "verifiedBotCategory": "",
                "edgeL4": {
                    "deliveryRate": 114570
                }
            }
        },
        "response": {
            "status": 200
        }
    }
}
{
    "wallTime": 2,
    "cpuTime": 1,
    "truncated": false,
    "executionModel": "stateless",
    "outcome": "ok",
    "scriptVersion": {
        "id": "aa03cffc-1a10-4200-bc4d-94b22dcd7acf"
    },
    "scriptName": "prodig",
    "diagnosticsChannelEvents": [],
    "exceptions": [],
    "logs": [
        {
            "message": [
                "Gagal mengambil produk dari database:",
                "Error: Astro.locals.runtime.env has been removed in Astro v6. Use 'import { env } from \"cloudflare:workers\"' instead."
            ],
            "level": "error",
            "timestamp": 1780423063338
        }
    ],
    "eventTimestamp": 1780423063338,
    "event": {
        "request": {
            "url": "https://prodig.ridloabelian.workers.dev/products",
            "method": "GET",
            "headers": {
                "accept": "text/html,application/xhtml+xml,application/xml;q=0.9,image/avif,image/webp,image/apng,*/*;q=0.8,application/signed-exchange;v=b3;q=0.7",
                "accept-encoding": "gzip, br",
                "accept-language": "en-US,en;q=0.9,id;q=0.8",
                "cf-connecting-ip": "114.10.45.146",
                "cf-ipcountry": "ID",
                "cf-ray": "a0585791dcacfd80",
                "cf-visitor": "{\"scheme\":\"https\"}",
                "connection": "Keep-Alive",
                "host": "prodig.ridloabelian.workers.dev",
                "priority": "u=0, i",
                "referer": "https://prodig.ridloabelian.workers.dev/",
                "sec-ch-ua": "\"Chromium\";v=\"148\", \"Google Chrome\";v=\"148\", \"Not/A)Brand\";v=\"99\"",
                "sec-ch-ua-mobile": "?0",
                "sec-ch-ua-platform": "\"macOS\"",
                "sec-fetch-dest": "document",
                "sec-fetch-mode": "navigate",
                "sec-fetch-site": "same-origin",
                "sec-fetch-user": "?1",
                "upgrade-insecure-requests": "1",
                "user-agent": "Mozilla/5.0 (Macintosh; Intel Mac OS X 10_15_7) AppleWebKit/537.36 (KHTML, like Gecko) Chrome/148.0.0.0 Safari/537.36",
                "x-forwarded-proto": "https",
                "x-real-ip": "114.10.45.146"
            },
            "cf": {
                "httpProtocol": "HTTP/3",
                "clientAcceptEncoding": "gzip, deflate, br",
                "requestPriority": "",
                "edgeRequestKeepAliveStatus": 1,
                "requestHeaderNames": {},
                "clientTcpRtt": 0,
                "clientQuicRtt": 23,
                "colo": "SIN",
                "asn": 4761,
                "asOrganization": "IOH B2B",
                "country": "ID",
                "isEUCountry": false,
                "city": "Bandung",
                "continent": "AS",
                "region": "West Java",
                "regionCode": "JB",
                "timezone": "Asia/Jakarta",
                "longitude": "107.60694",
                "latitude": "-6.92222",
                "postalCode": "40241",
                "tlsVersion": "TLSv1.3",
                "tlsCipher": "AEAD-AES128-GCM-SHA256",
                "tlsClientRandom": "mWN3OgNKiHa38/4Wfcjq8/hfDEQVXXN0enqj9HBCbFI=",
                "tlsClientCiphersSha1": "3HTt3+R/6BL3zeALJDSq0pR1yOQ=",
                "tlsClientExtensionsSha1": "Sz9vdF29nGMwILzzhyvi8oABoFQ=",
                "tlsClientExtensionsSha1Le": "A2SPSKKBZRu+5/xmO3WJ7JtrjAc=",
                "tlsClientHelloLength": "1751",
                "tlsClientAuth": {
                    "certPresented": "0",
                    "certVerified": "NONE",
                    "certRevoked": "0",
                    "certIssuerDN": "",
                    "certSubjectDN": "",
                    "certIssuerDNRFC2253": "",
                    "certSubjectDNRFC2253": "",
                    "certIssuerDNLegacy": "",
                    "certSubjectDNLegacy": "",
                    "certSerial": "",
                    "certIssuerSerial": "",
                    "certSKI": "",
                    "certIssuerSKI": "",
                    "certFingerprintSHA1": "",
                    "certFingerprintSHA256": "",
                    "certNotBefore": "",
                    "certNotAfter": "",
                    "certRFC9440": "",
                    "certRFC9440TooLarge": false,
                    "certChainRFC9440": "",
                    "certChainRFC9440TooLarge": false
                },
                "verifiedBotCategory": "",
                "edgeL4": {
                    "deliveryRate": 120463
                }
            }
        },
        "response": {
            "status": 200
        }
    }
}
{
    "wallTime": 1,
    "cpuTime": 1,
    "truncated": false,
    "executionModel": "stateless",
    "outcome": "ok",
    "scriptVersion": {
        "id": "aa03cffc-1a10-4200-bc4d-94b22dcd7acf"
    },
    "scriptName": "prodig",
    "diagnosticsChannelEvents": [],
    "exceptions": [],
    "logs": [
        {
            "message": [
                "Login error:",
                "Error: Astro.locals.runtime.env has been removed in Astro v6. Use 'import { env } from \"cloudflare:workers\"' instead."
            ],
            "level": "error",
            "timestamp": 1780423093207
        }
    ],
    "eventTimestamp": 1780423093207,
    "event": {
        "request": {
            "url": "https://prodig.ridloabelian.workers.dev/api/auth/login",
            "method": "POST",
            "headers": {
                "accept": "*/*",
                "accept-encoding": "gzip, br",
                "accept-language": "en-US,en;q=0.9,id;q=0.8",
                "cf-connecting-ip": "114.10.45.146",
                "cf-ipcountry": "ID",
                "cf-ray": "a058584aaf1dfd80",
                "cf-visitor": "{\"scheme\":\"https\"}",
                "connection": "Keep-Alive",
                "content-length": "52",
                "content-type": "application/json",
                "host": "prodig.ridloabelian.workers.dev",
                "origin": "https://prodig.ridloabelian.workers.dev",
                "priority": "u=1, i",
                "referer": "https://prodig.ridloabelian.workers.dev/login/",
                "sec-ch-ua": "\"Chromium\";v=\"148\", \"Google Chrome\";v=\"148\", \"Not/A)Brand\";v=\"99\"",
                "sec-ch-ua-mobile": "?0",
                "sec-ch-ua-platform": "\"macOS\"",
                "sec-fetch-dest": "empty",
                "sec-fetch-mode": "cors",
                "sec-fetch-site": "same-origin",
                "user-agent": "Mozilla/5.0 (Macintosh; Intel Mac OS X 10_15_7) AppleWebKit/537.36 (KHTML, like Gecko) Chrome/148.0.0.0 Safari/537.36",
                "x-forwarded-proto": "https",
                "x-real-ip": "114.10.45.146"
            },
            "cf": {
                "httpProtocol": "HTTP/3",
                "clientAcceptEncoding": "gzip, deflate, br",
                "requestPriority": "",
                "edgeRequestKeepAliveStatus": 1,
                "requestHeaderNames": {},
                "clientTcpRtt": 0,
                "clientQuicRtt": 27,
                "colo": "SIN",
                "asn": 4761,
                "asOrganization": "IOH B2B",
                "country": "ID",
                "isEUCountry": false,
                "city": "Bandung",
                "continent": "AS",
                "region": "West Java",
                "regionCode": "JB",
                "timezone": "Asia/Jakarta",
                "longitude": "107.60694",
                "latitude": "-6.92222",
                "postalCode": "40241",
                "tlsVersion": "TLSv1.3",
                "tlsCipher": "AEAD-AES128-GCM-SHA256",
                "tlsClientRandom": "mWN3OgNKiHa38/4Wfcjq8/hfDEQVXXN0enqj9HBCbFI=",
                "tlsClientCiphersSha1": "3HTt3+R/6BL3zeALJDSq0pR1yOQ=",
                "tlsClientExtensionsSha1": "Sz9vdF29nGMwILzzhyvi8oABoFQ=",
                "tlsClientExtensionsSha1Le": "A2SPSKKBZRu+5/xmO3WJ7JtrjAc=",
                "tlsClientHelloLength": "1751",
                "tlsClientAuth": {
                    "certPresented": "0",
                    "certVerified": "NONE",
                    "certRevoked": "0",
                    "certIssuerDN": "",
                    "certSubjectDN": "",
                    "certIssuerDNRFC2253": "",
                    "certSubjectDNRFC2253": "",
                    "certIssuerDNLegacy": "",
                    "certSubjectDNLegacy": "",
                    "certSerial": "",
                    "certIssuerSerial": "",
                    "certSKI": "",
                    "certIssuerSKI": "",
                    "certFingerprintSHA1": "",
                    "certFingerprintSHA256": "",
                    "certNotBefore": "",
                    "certNotAfter": "",
                    "certRFC9440": "",
                    "certRFC9440TooLarge": false,
                    "certChainRFC9440": "",
                    "certChainRFC9440TooLarge": false
                },
                "verifiedBotCategory": "",
                "edgeL4": {
                    "deliveryRate": 124417
                }
            }
        },
        "response": {
            "status": 500
        }
    }
}
{
    "wallTime": 14,
    "cpuTime": 5,
    "truncated": false,
    "executionModel": "stateless",
    "outcome": "ok",
    "scriptVersion": {
        "id": "aa03cffc-1a10-4200-bc4d-94b22dcd7acf"
    },
    "scriptName": "prodig",
    "diagnosticsChannelEvents": [],
    "exceptions": [],
    "logs": [
        {
            "message": [
                "Login error:",
                "Error: Astro.locals.runtime.env has been removed in Astro v6. Use 'import { env } from \"cloudflare:workers\"' instead."
            ],
            "level": "error",
            "timestamp": 1780423156475
        }
    ],
    "eventTimestamp": 1780423156367,
    "event": {
        "request": {
            "url": "https://prodig.ridloabelian.workers.dev/api/auth/login",
            "method": "POST",
            "headers": {
                "accept": "*/*",
                "accept-encoding": "gzip, br",
                "accept-language": "en-US,en;q=0.9,id;q=0.8",
                "cf-connecting-ip": "114.10.45.146",
                "cf-ipcountry": "ID",
                "cf-ray": "a05859d6ea271e38",
                "cf-visitor": "{\"scheme\":\"https\"}",
                "connection": "Keep-Alive",
                "content-length": "52",
                "content-type": "application/json",
                "host": "prodig.ridloabelian.workers.dev",
                "origin": "https://prodig.ridloabelian.workers.dev",
                "priority": "u=1, i",
                "referer": "https://prodig.ridloabelian.workers.dev/login/",
                "sec-ch-ua": "\"Chromium\";v=\"148\", \"Google Chrome\";v=\"148\", \"Not/A)Brand\";v=\"99\"",
                "sec-ch-ua-mobile": "?0",
                "sec-ch-ua-platform": "\"macOS\"",
                "sec-fetch-dest": "empty",
                "sec-fetch-mode": "cors",
                "sec-fetch-site": "same-origin",
                "user-agent": "Mozilla/5.0 (Macintosh; Intel Mac OS X 10_15_7) AppleWebKit/537.36 (KHTML, like Gecko) Chrome/148.0.0.0 Safari/537.36",
                "x-forwarded-proto": "https",
                "x-real-ip": "114.10.45.146"
            },
            "cf": {
                "httpProtocol": "HTTP/3",
                "clientAcceptEncoding": "gzip, deflate, br",
                "requestPriority": "",
                "edgeRequestKeepAliveStatus": 1,
                "requestHeaderNames": {},
                "clientTcpRtt": 0,
                "clientQuicRtt": 21,
                "colo": "SIN",
                "asn": 4761,
                "asOrganization": "IOH B2B",
                "country": "ID",
                "isEUCountry": false,
                "city": "Bandung",
                "continent": "AS",
                "region": "West Java",
                "regionCode": "JB",
                "timezone": "Asia/Jakarta",
                "longitude": "107.60694",
                "latitude": "-6.92222",
                "postalCode": "40241",
                "tlsVersion": "TLSv1.3",
                "tlsCipher": "AEAD-AES128-GCM-SHA256",
                "tlsClientRandom": "cAAX85MaEBm06MLrW3kEHh6R5uDncCQRmlDdEaDERFw=",
                "tlsClientCiphersSha1": "3HTt3+R/6BL3zeALJDSq0pR1yOQ=",
                "tlsClientExtensionsSha1": "UftiHTMNFKZkHRwrwSn7zmaLjYg=",
                "tlsClientExtensionsSha1Le": "1WfCMgqoUlb5TAaPGJMXfQugn/U=",
                "tlsClientHelloLength": "1748",
                "tlsClientAuth": {
                    "certPresented": "0",
                    "certVerified": "NONE",
                    "certRevoked": "0",
                    "certIssuerDN": "",
                    "certSubjectDN": "",
                    "certIssuerDNRFC2253": "",
                    "certSubjectDNRFC2253": "",
                    "certIssuerDNLegacy": "",
                    "certSubjectDNLegacy": "",
                    "certSerial": "",
                    "certIssuerSerial": "",
                    "certSKI": "",
                    "certIssuerSKI": "",
                    "certFingerprintSHA1": "",
                    "certFingerprintSHA256": "",
                    "certNotBefore": "",
                    "certNotAfter": "",
                    "certRFC9440": "",
                    "certRFC9440TooLarge": false,
                    "certChainRFC9440": "",
                    "certChainRFC9440TooLarge": false
                },
                "verifiedBotCategory": "",
                "edgeL4": {
                    "deliveryRate": 67832
                }
            }
        },
        "response": {
            "status": 500
        }
    }
}
{
    "wallTime": 2,
    "cpuTime": 1,
    "truncated": false,
    "executionModel": "stateless",
    "outcome": "ok",
    "scriptVersion": {
        "id": "aa03cffc-1a10-4200-bc4d-94b22dcd7acf"
    },
    "scriptName": "prodig",
    "diagnosticsChannelEvents": [],
    "exceptions": [],
    "logs": [
        {
            "message": [
                "Registrasi error:",
                "Error: Astro.locals.runtime.env has been removed in Astro v6. Use 'import { env } from \"cloudflare:workers\"' instead."
            ],
            "level": "error",
            "timestamp": 1780423175677
        }
    ],
    "eventTimestamp": 1780423175677,
    "event": {
        "request": {
            "url": "https://prodig.ridloabelian.workers.dev/api/auth/register",
            "method": "POST",
            "headers": {
                "accept": "*/*",
                "accept-encoding": "gzip, br",
                "accept-language": "en-US,en;q=0.9,id;q=0.8",
                "cf-connecting-ip": "114.10.45.146",
                "cf-ipcountry": "ID",
                "cf-ray": "a0585a4fadbc1e38",
                "cf-visitor": "{\"scheme\":\"https\"}",
                "connection": "Keep-Alive",
                "content-length": "100",
                "content-type": "application/json",
                "host": "prodig.ridloabelian.workers.dev",
                "origin": "https://prodig.ridloabelian.workers.dev",
                "priority": "u=1, i",
                "referer": "https://prodig.ridloabelian.workers.dev/register/",
                "sec-ch-ua": "\"Chromium\";v=\"148\", \"Google Chrome\";v=\"148\", \"Not/A)Brand\";v=\"99\"",
                "sec-ch-ua-mobile": "?0",
                "sec-ch-ua-platform": "\"macOS\"",
                "sec-fetch-dest": "empty",
                "sec-fetch-mode": "cors",
                "sec-fetch-site": "same-origin",
                "user-agent": "Mozilla/5.0 (Macintosh; Intel Mac OS X 10_15_7) AppleWebKit/537.36 (KHTML, like Gecko) Chrome/148.0.0.0 Safari/537.36",
                "x-forwarded-proto": "https",
                "x-real-ip": "114.10.45.146"
            },
            "cf": {
                "httpProtocol": "HTTP/3",
                "clientAcceptEncoding": "gzip, deflate, br",
                "requestPriority": "",
                "edgeRequestKeepAliveStatus": 1,
                "requestHeaderNames": {},
                "clientTcpRtt": 0,
                "clientQuicRtt": 24,
                "colo": "SIN",
                "asn": 4761,
                "asOrganization": "IOH B2B",
                "country": "ID",
                "isEUCountry": false,
                "city": "Bandung",
                "continent": "AS",
                "region": "West Java",
                "regionCode": "JB",
                "timezone": "Asia/Jakarta",
                "longitude": "107.60694",
                "latitude": "-6.92222",
                "postalCode": "40241",
                "tlsVersion": "TLSv1.3",
                "tlsCipher": "AEAD-AES128-GCM-SHA256",
                "tlsClientRandom": "cAAX85MaEBm06MLrW3kEHh6R5uDncCQRmlDdEaDERFw=",
                "tlsClientCiphersSha1": "3HTt3+R/6BL3zeALJDSq0pR1yOQ=",
                "tlsClientExtensionsSha1": "UftiHTMNFKZkHRwrwSn7zmaLjYg=",
                "tlsClientExtensionsSha1Le": "1WfCMgqoUlb5TAaPGJMXfQugn/U=",
                "tlsClientHelloLength": "1748",
                "tlsClientAuth": {
                    "certPresented": "0",
                    "certVerified": "NONE",
                    "certRevoked": "0",
                    "certIssuerDN": "",
                    "certSubjectDN": "",
                    "certIssuerDNRFC2253": "",
                    "certSubjectDNRFC2253": "",
                    "certIssuerDNLegacy": "",
                    "certSubjectDNLegacy": "",
                    "certSerial": "",
                    "certIssuerSerial": "",
                    "certSKI": "",
                    "certIssuerSKI": "",
                    "certFingerprintSHA1": "",
                    "certFingerprintSHA256": "",
                    "certNotBefore": "",
                    "certNotAfter": "",
                    "certRFC9440": "",
                    "certRFC9440TooLarge": false,
                    "certChainRFC9440": "",
                    "certChainRFC9440TooLarge": false
                },
                "verifiedBotCategory": "",
                "edgeL4": {
                    "deliveryRate": 144198
                }
            }
        },
        "response": {
            "status": 500
        }
    }
}
